[INFO] RetroArch 1.14.0 (Git 85598f24ad)
[INFO] === Build =======================================
[INFO] CPU Model Name: ARMv7 Processor rev 1 (v7l)

[INFO] Capabilities: NEON VFPv3
[INFO] Built: Mar  6 2023
[INFO] Version: 1.14.0
[INFO] Git: 85598f24ad
[INFO] =================================================
[INFO] [Input]: Found input driver: "sdl".
[INFO] [Core]: Loading dynamic libretro core from: "/mnt/mmc/CFW/retroarch/.retroarch/cores/mgba_libretro.so"
[INFO] [Config]: Loading config: "/mnt/mmc/CFW/retroarch/.retroarch/retroarch.cfg".
[INFO] [Config]: Appending config: "/mnt/mmc/CFW/retroarch/.retroarch/tf1save.cfg".
[INFO] [Config]: Appending config: "/mnt/mmc/CFW/retroarch/.retroarch/volume.cfg".
[INFO] [Environ]: GET_CORE_OPTIONS_VERSION.
[INFO] [Environ]: RETRO_ENVIRONMENT_SET_CORE_OPTIONS_V2_INTL.
[INFO] [Overrides]: Redirecting save file to "/mnt/mmc/Saves/CurrentProfile/saves/mGBA/Final Fantasy I & II - Dawn of Souls (USA).srm".
[INFO] [Overrides]: Redirecting save state to "/mnt/mmc/Saves/CurrentProfile/states/mGBA/Final Fantasy I & II - Dawn of Souls (USA).state".
[INFO] [Environ]: SET_PIXEL_FORMAT: RGB565.
[INFO] [Environ]: SET_INPUT_DESCRIPTORS:
[INFO]    RetroPad, Port 1, Button "B (bottom)" => "B"
[INFO]    RetroPad, Port 1, Button "Y (left)" => "Turbo B"
[INFO]    RetroPad, Port 1, Button "Select" => "Select"
[INFO]    RetroPad, Port 1, Button "Start" => "Start"
[INFO]    RetroPad, Port 1, Button "D-Pad Up" => "Up"
[INFO]    RetroPad, Port 1, Button "D-Pad Down" => "Down"
[INFO]    RetroPad, Port 1, Button "D-Pad Left" => "Left"
[INFO]    RetroPad, Port 1, Button "D-Pad Right" => "Right"
[INFO]    RetroPad, Port 1, Button "A (right)" => "A"
[INFO]    RetroPad, Port 1, Button "X (up)" => "Turbo A"
[INFO]    RetroPad, Port 1, Button "L" => "L"
[INFO]    RetroPad, Port 1, Button "R" => "R"
[INFO]    RetroPad, Port 1, Button "L2" => "Turbo L"
[INFO]    RetroPad, Port 1, Button "R2" => "Turbo R"
[INFO]    RetroPad, Port 1, Button "L3" => "Darken Solar Sensor"
[INFO]    RetroPad, Port 1, Button "R3" => "Brighten Solar Sensor"
[INFO] [Environ]: GET_VARIABLE: mgba_solar_sensor_level = "0"
[INFO] [Environ]: GET_LOG_INTERFACE.
[INFO] [Content]: Loading content file: "/mnt/mmc/Roms/GBA/Final Fantasy I & II - Dawn of Souls (USA).zip#Final Fantasy I & II - Dawn of Souls (USA).gba".
[INFO] [Content]: CRC32: 0x1b39cdab.
[INFO] [Environ]: GET_VARIABLE: mgba_gb_model = "Autodetect"
[INFO] [Environ]: GET_VARIABLE: mgba_sgb_borders = "ON"
[INFO] [Environ]: GET_VARIABLE: mgba_gb_colors_preset = "0"
[INFO] [Environ]: GET_VARIABLE: mgba_gb_colors = "Grayscale"
[INFO] [Environ]: GET_VARIABLE: mgba_use_bios = "ON"
[INFO] [Environ]: GET_VARIABLE: mgba_skip_bios = "OFF"
[INFO] [Environ]: GET_VARIABLE: mgba_sgb_borders = "ON"
[INFO] [Environ]: GET_VARIABLE: mgba_frameskip = "disabled"
[INFO] [Environ]: GET_VARIABLE: mgba_frameskip_threshold = "33"
[INFO] [Environ]: GET_VARIABLE: mgba_frameskip_interval = "0"
[INFO] [Environ]: SET_AUDIO_BUFFER_STATUS_CALLBACK.
[INFO] [Environ]: GET_VARIABLE: mgba_audio_low_pass_filter = "disabled"
[INFO] [Environ]: GET_VARIABLE: mgba_audio_low_pass_range = "60"
[INFO] [Environ]: GET_VARIABLE: mgba_idle_optimization = "Remove Known"
[INFO] [Environ]: GET_VARIABLE: mgba_force_gbp = "OFF"
[INFO] [Environ]: SYSTEM_DIRECTORY: "/mnt/mmc/BIOS".
[libretro DEBUG] GBA: BIOS Checksum: 0xBAAE187F
[libretro INFO] GBA: Official GBA BIOS detected
[INFO] [Environ]: SET_MEMORY_MAPS.
[INFO]            ndx flags  ptr          offset   start    select   disconn  len      addrspace
[INFO]            001 M1A1bc 0xb6600000 00000000 03000000 FF000000 00FF8000 00008000 
[INFO]            002 M1A1bc 0xb65c0000 00000000 02000000 FF000000 00FC0000 00040000 
[INFO]            003 M1A1bc 0xb6588000 00000000 0E000000 FFFE0000 00000000 00020000 
[INFO]            004 M1A1bC 0xb3bfd000 00000000 08000000 FF000000 00000000 01000000 
[INFO]            005 M1A1bC 0xb3bfd000 00000000 0A000000 FF000000 00000000 01000000 
[INFO]            006 M1A1bC 0xb3bfd000 00000000 0C000000 FF000000 00000000 01000000 
[INFO]            007 M1A1bC 0xb6f5d000 00000000 00000000 FFFFC000 00000000 00004000 
[INFO]            008 M1A1bc 0xb65a8000 00000000 06000000 FF000000 00FE0000 00018000 
[INFO]            009 M1A1bc 0xb6f61b98 00000000 05000000 FF000000 00FFFC00 00000400 
[INFO]            010 M1A1bc 0xb6f61f9c 00000000 07000000 FF000000 00FFFC00 00000400 
[INFO]            011 M1A1bc 0xb6f61020 00000000 04000000 FFFFFC00 00000000 00000400 
[INFO] [Environ]: GET_VARIABLE: mgba_color_correction = "GBA"
[INFO] [Environ]: GET_VARIABLE: mgba_interframe_blending = "OFF"
[INFO] [State]: found_last_state_slot: #2
[INFO] [State]: Found auto save state in "/mnt/mmc/Saves/CurrentProfile/states/mGBA/Final Fantasy I & II - Dawn of Souls (USA).state.auto".
[INFO] [State]: Auto-loading save state from "/mnt/mmc/Saves/CurrentProfile/states/mGBA/Final Fantasy I & II - Dawn of Souls (USA).state.auto" succeeded.
[INFO] [Core]: Version of libretro API: 1, Compiled against API: 1
[INFO] [Audio]: Set audio input rate to: 32917.50 Hz.
[INFO] [Video]: Set video size to: 640x480.
[INFO] [Joypad]: Found joypad driver: "linuxraw".
[INFO] [Video]: Found display server: "null".
[INFO] [ALSA]: Using floating point format.
[INFO] [ALSA]: Period size: 1024 frames
[INFO] [ALSA]: Buffer size: 4096 frames
[INFO] [ALSA]: Can pause: no.
[INFO] [Display]: Found display driver: "null".
[INFO] [Playlist]: Loading history file: "/mnt/mmc/Saves/CurrentProfile/lists/content_history.lpl".
[INFO] [Playlist]: Loading history file: "/mnt/mmc/CFW/retroarch/.retroarch/content_music_history.lpl".
[INFO] [Playlist]: Loading favorites file: "/mnt/mmc/CFW/retroarch/.retroarch/content_favorites.lpl".
[INFO] [Environ]: RETRO_ENVIRONMENT_SET_MINIMUM_AUDIO_LATENCY.
[INFO] [State]: Loading state "/mnt/mmc/Saves/CurrentProfile/states/mGBA/Final Fantasy I & II - Dawn of Souls (USA).state.auto", 430168 bytes.
[INFO] [SRAM]: Blocking SRAM Overwrite.
[INFO] [State]: Saving state "RAM", 528472 bytes.
[libretro DEBUG] GBA Savedata: Switching save types
[libretro INFO] Savestate: Loading savedata
[libretro INFO] Savestate: Loading RTC
[libretro DEBUG] GBA DMA: Starting DMA 0 0x0200EDA8 -> 0x050001FA (A240:0001)
[libretro DEBUG] GBA DMA: Starting DMA 3 0x0201BE4C -> 0x07000000 (8400:003A)
[libretro DEBUG] GBA DMA: Starting DMA 0 0x0200EDA8 -> 0x050001FA (A240:0001)
[libretro DEBUG] GBA DMA: Starting DMA 3 0x0201BE4C -> 0x07000000 (8400:003A)
[libretro DEBUG] GBA DMA: Starting DMA 0 0x0200EDA8 -> 0x050001FA (A240:0001)
[libretro DEBUG] GBA DMA: Starting DMA 3 0x0201BE4C -> 0x07000000 (8400:003A)
[libretro DEBUG] GBA DMA: Starting DMA 1 0x03002170 -> 0x040000A0 (B600:0004)
[libretro DEBUG] GBA DMA: Starting DMA 2 0x030027A0 -> 0x040000A4 (B600:0004)
[libretro DEBUG] GBA DMA: Starting DMA 0 0x0200EDA8 -> 0x050001FA (A240:0001)
[libretro DEBUG] GBA DMA: Starting DMA 3 0x0201BE4C -> 0x07000000 (8400:003A)
[libretro DEBUG] GBA DMA: Starting DMA 0 0x0200EDA8 -> 0x050001FA (A240:0001)
[libretro DEBUG] GBA DMA: Starting DMA 3 0x0201BE4C -> 0x07000000 (8400:003A)
[libretro DEBUG] GBA DMA: Starting DMA 0 0x0200EDA8 -> 0x050001FA (A240:0001)
[libretro DEBUG] GBA DMA: Starting DMA 3 0x0201BE4C -> 0x07000000 (8400:003A)
[libretro DEBUG] GBA DMA: Starting DMA 0 0x0200EDA8 -> 0x050001FA (A240:0001)
[libretro DEBUG] GBA DMA: Starting DMA 3 0x0201BE4C -> 0x07000000 (8400:003A)
[libretro DEBUG] GBA DMA: Starting DMA 0 0x0200EDA8 -> 0x050001FA (A240:0001)
[libretro DEBUG] GBA DMA: Starting DMA 3 0x0201BE4C -> 0x07000000 (8400:003A)
[libretro DEBUG] GBA DMA: Starting DMA 1 0x03002170 -> 0x040000A0 (B600:0004)
[libretro DEBUG] GBA DMA: Starting DMA 2 0x030027A0 -> 0x040000A4 (B600:0004)
[libretro DEBUG] GBA DMA: Starting DMA 0 0x0200EDA8 -> 0x050001FA (A240:0001)
[libretro DEBUG] GBA DMA: Starting DMA 3 0x0201BE4C -> 0x07000000 (8400:003A)
[libretro DEBUG] GBA DMA: Starting DMA 0 0x0200EDA8 -> 0x050001FA (A240:0001)
[libretro DEBUG] GBA DMA: Starting DMA 3 0x0201BE4C -> 0x07000000 (8400:003A)
[libretro DEBUG] GBA DMA: Starting DMA 0 0x0200EDA8 -> 0x050001FA (A240:0001)
[libretro DEBUG] GBA DMA: Starting DMA 3 0x0201BE4C -> 0x07000000 (8400:003A)
[libretro DEBUG] GBA DMA: Starting DMA 0 0x0200EDA8 -> 0x050001FA (A240:0001)
[libretro DEBUG] GBA DMA: Starting DMA 3 0x0201BE4C -> 0x07000000 (8400:003A)
[libretro DEBUG] GBA DMA: Starting DMA 0 0x0200EDA8 -> 0x050001FA (A240:0001)
[libretro DEBUG] GBA DMA: Starting DMA 3 0x0201BE4C -> 0x07000000 (8400:003A)
[libretro DEBUG] GBA DMA: Starting DMA 1 0x03002170 -> 0x040000A0 (B600:0004)
[libretro DEBUG] GBA DMA: Starting DMA 2 0x030027A0 -> 0x040000A4 (B600:0004)
[libretro DEBUG] GBA DMA: Starting DMA 0 0x0200EDA8 -> 0x050001FA (A240:0001)
[libretro DEBUG] GBA DMA: Starting DMA 3 0x0201BE4C -> 0x07000000 (8400:003A)
[libretro DEBUG] GBA DMA: Starting DMA 0 0x0200EDA8 -> 0x050001FA (A240:0001)
[libretro DEBUG] GBA DMA: Starting DMA 3 0x0201BE4C -> 0x07000000 (8400:003A)
[libretro DEBUG] GBA DMA: Starting DMA 0 0x0200EDA8 -> 0x050001FA (A240:0001)
[libretro DEBUG] GBA DMA: Starting DMA 3 0x0201BE4C -> 0x07000000 (8400:003A)
[libretro DEBUG] GBA DMA: Starting DMA 0 0x0200EDA8 -> 0x050001FA (A240:0001)
[libretro DEBUG] GBA DMA: Starting DMA 3 0x0201BE4C -> 0x07000000 (8400:003A)
[libretro DEBUG] GBA DMA: Starting DMA 0 0x0200EDA8 -> 0x050001FA (A240:0001)
[libretro DEBUG] GBA DMA: Starting DMA 3 0x0201BE4C -> 0x07000000 (8400:003A)
[libretro DEBUG] GBA DMA: Starting DMA 1 0x03002170 -> 0x040000A0 (B600:0004)
[libretro DEBUG] GBA DMA: Starting DMA 2 0x030027A0 -> 0x040000A4 (B600:0004)
[libretro DEBUG] GBA DMA: Starting DMA 0 0x0200EDA8 -> 0x050001FA (A240:0001)
[libretro DEBUG] GBA DMA: Starting DMA 3 0x0201BE4C -> 0x07000000 (8400:003A)
[libretro DEBUG] GBA DMA: Starting DMA 0 0x0200EDA8 -> 0x050001FA (A240:0001)
[libretro DEBUG] GBA DMA: Starting DMA 3 0x0201BE4C -> 0x07000000 (8400:003A)
[libretro DEBUG] GBA DMA: Starting DMA 0 0x0200EDA8 -> 0x050001FA (A240:0001)
[libretro DEBUG] GBA DMA: Starting DMA 3 0x0201BE4C -> 0x07000000 (8400:003A)
[libretro DEBUG] GBA DMA: Starting DMA 0 0x0200EDA8 -> 0x050001FA (A240:0001)
[libretro DEBUG] GBA DMA: Starting DMA 3 0x0201BE4C -> 0x07000000 (8400:003A)
[libretro DEBUG] GBA DMA: Starting DMA 0 0x0200EDA8 -> 0x050001FA (A240:0001)
[libretro DEBUG] GBA DMA: Starting DMA 3 0x0201BE4C -> 0x07000000 (8400:003A)
[libretro DEBUG] GBA DMA: Starting DMA 1 0x03002170 -> 0x040000A0 (B600:0004)
[libretro DEBUG] GBA DMA: Starting DMA 2 0x030027A0 -> 0x040000A4 (B600:0004)
[libretro DEBUG] GBA DMA: Starting DMA 0 0x0200EDA8 -> 0x050001FA (A240:0001)
[libretro DEBUG] GBA DMA: Starting DMA 3 0x0201BE4C -> 0x07000000 (8400:003A)
[libretro DEBUG] GBA DMA: Starting DMA 0 0x0200EDA8 -> 0x050001FA (A240:0001)
[libretro DEBUG] GBA DMA: Starting DMA 3 0x0201BE4C -> 0x07000000 (8400:003A)
[libretro DEBUG] GBA DMA: Starting DMA 0 0x0200EDA8 -> 0x050001FA (A240:0001)
[libretro DEBUG] GBA DMA: Starting DMA 3 0x0201BE4C -> 0x07000000 (8400:003A)
[libretro DEBUG] GBA DMA: Starting DMA 0 0x0200EDA8 -> 0x050001FA (A240:0001)
[libretro DEBUG] GBA DMA: Starting DMA 3 0x0201BE4C -> 0x07000000 (8400:003A)
[libretro DEBUG] GBA DMA: Starting DMA 0 0x0200EDA8 -> 0x050001FA (A240:0001)
[libretro DEBUG] GBA DMA: Starting DMA 3 0x0201BE4C -> 0x07000000 (8400:003A)
[libretro DEBUG] GBA DMA: Starting DMA 1 0x03002170 -> 0x040000A0 (B600:0004)
[libretro DEBUG] GBA DMA: Starting DMA 2 0x030027A0 -> 0x040000A4 (B600:0004)
[libretro DEBUG] GBA DMA: Starting DMA 0 0x0200EDA8 -> 0x050001FA (A240:0001)
[libretro DEBUG] GBA DMA: Starting DMA 3 0x0201BE4C -> 0x07000000 (8400:003A)
[libretro DEBUG] GBA DMA: Starting DMA 0 0x0200EDA8 -> 0x050001FA (A240:0001)
[libretro DEBUG] GBA DMA: Starting DMA 3 0x0201BE4C -> 0x07000000 (8400:003A)
[libretro DEBUG] GBA DMA: Starting DMA 0 0x0200EDA8 -> 0x050001FA (A240:0001)
[libretro DEBUG] GBA DMA: Starting DMA 3 0x0201BE4C -> 0x07000000 (8400:003A)
[libretro DEBUG] GBA DMA: Starting DMA 0 0x0200EDA8 -> 0x050001FA (A240:0001)
[libretro DEBUG] GBA DMA: Starting DMA 3 0x0201BE4C -> 0x07000000 (8400:003A)
[libretro DEBUG] GBA DMA: Starting DMA 0 0x0200EDA8 -> 0x050001FA (A240:0001)
[libretro DEBUG] GBA DMA: Starting DMA 3 0x0201BE4C -> 0x07000000 (8400:003A)
[libretro DEBUG] GBA DMA: Starting DMA 1 0x03002170 -> 0x040000A0 (B600:0004)
[libretro DEBUG] GBA DMA: Starting DMA 2 0x030027A0 -> 0x040000A4 (B600:0004)
[libretro DEBUG] GBA DMA: Starting DMA 0 0x0200EDA8 -> 0x050001FA (A240:0001)
[libretro DEBUG] GBA DMA: Starting DMA 3 0x0201BE4C -> 0x07000000 (8400:003A)
[libretro DEBUG] GBA DMA: Starting DMA 0 0x0200EDA8 -> 0x050001FA (A240:0001)
[libretro DEBUG] GBA DMA: Starting DMA 3 0x0201BE4C -> 0x07000000 (8400:003A)
[libretro DEBUG] GBA DMA: Starting DMA 0 0x0200EDA8 -> 0x050001FA (A240:0001)
[libretro DEBUG] GBA DMA: Starting DMA 3 0x0201BE4C -> 0x07000000 (8400:003A)
[libretro DEBUG] GBA DMA: Starting DMA 0 0x0200EDA8 -> 0x050001FA (A240:0001)
[libretro DEBUG] GBA DMA: Starting DMA 3 0x0201BE4C -> 0x07000000 (8400:003A)
[libretro DEBUG] GBA DMA: Starting DMA 0 0x0200EDA8 -> 0x050001FA (A240:0001)
[libretro DEBUG] GBA DMA: Starting DMA 3 0x0201BE4C -> 0x07000000 (8400:003A)
[libretro DEBUG] GBA DMA: Starting DMA 1 0x03002170 -> 0x040000A0 (B600:0004)
[libretro DEBUG] GBA DMA: Starting DMA 2 0x030027A0 -> 0x040000A4 (B600:0004)
[libretro DEBUG] GBA DMA: Starting DMA 0 0x0200EDA8 -> 0x050001FA (A240:0001)
[libretro DEBUG] GBA DMA: Starting DMA 3 0x0201BE4C -> 0x07000000 (8400:003A)
[libretro DEBUG] GBA DMA: Starting DMA 0 0x0200EDA8 -> 0x050001FA (A240:0001)
[libretro DEBUG] GBA DMA: Starting DMA 3 0x0201BE4C -> 0x07000000 (8400:003A)
[libretro DEBUG] GBA DMA: Starting DMA 0 0x0200EDA8 -> 0x050001FA (A240:0001)
[libretro DEBUG] GBA DMA: Starting DMA 3 0x0201BE4C -> 0x07000000 (8400:003A)
[libretro DEBUG] GBA DMA: Starting DMA 0 0x0200EDA8 -> 0x050001FA (A240:0001)
[libretro DEBUG] GBA DMA: Starting DMA 3 0x0201BE4C -> 0x07000000 (8400:003A)
[libretro DEBUG] GBA DMA: Starting DMA 0 0x0200EDA8 -> 0x050001FA (A240:0001)
[libretro DEBUG] GBA DMA: Starting DMA 3 0x0201BE4C -> 0x07000000 (8400:003A)
[libretro DEBUG] GBA DMA: Starting DMA 1 0x03002170 -> 0x040000A0 (B600:0004)
[libretro DEBUG] GBA DMA: Starting DMA 2 0x030027A0 -> 0x040000A4 (B600:0004)
[libretro DEBUG] GBA DMA: Starting DMA 0 0x0200EDA8 -> 0x050001FA (A240:0001)
[libretro DEBUG] GBA DMA: Starting DMA 3 0x0201BE4C -> 0x07000000 (8400:003A)
[libretro DEBUG] GBA DMA: Starting DMA 0 0x0200EDA8 -> 0x050001FA (A240:0001)
[libretro DEBUG] GBA DMA: Starting DMA 3 0x0201BE4C -> 0x07000000 (8400:003A)
[libretro DEBUG] GBA DMA: Starting DMA 0 0x0200EDA8 -> 0x050001FA (A240:0001)
[libretro DEBUG] GBA DMA: Starting DMA 3 0x0201BE4C -> 0x07000000 (8400:003A)
[libretro DEBUG] GBA DMA: Starting DMA 0 0x0200EDA8 -> 0x050001FA (A240:0001)
[libretro DEBUG] GBA DMA: Starting DMA 3 0x0201BE4C -> 0x07000000 (8400:003A)
[libretro DEBUG] GBA DMA: Starting DMA 0 0x0200EDA8 -> 0x050001FA (A240:0001)
[libretro DEBUG] GBA DMA: Starting DMA 3 0x0201BE4C -> 0x07000000 (8400:003A)
[libretro DEBUG] GBA DMA: Starting DMA 1 0x03002170 -> 0x040000A0 (B600:0004)
[libretro DEBUG] GBA DMA: Starting DMA 2 0x030027A0 -> 0x040000A4 (B600:0004)
[libretro DEBUG] GBA DMA: Starting DMA 0 0x0200EDA8 -> 0x050001FA (A240:0001)
[libretro DEBUG] GBA DMA: Starting DMA 3 0x0201BE4C -> 0x07000000 (8400:003A)
[libretro DEBUG] GBA DMA: Starting DMA 0 0x0200EDA8 -> 0x050001FA (A240:0001)
[libretro DEBUG] GBA DMA: Starting DMA 3 0x0201BE4C -> 0x07000000 (8400:003A)
[libretro DEBUG] GBA DMA: Starting DMA 0 0x0200EDA8 -> 0x050001FA (A240:0001)
[libretro DEBUG] GBA DMA: Starting DMA 3 0x0201BE4C -> 0x07000000 (8400:003A)
[libretro DEBUG] GBA DMA: Starting DMA 0 0x0200EDA8 -> 0x050001FA (A240:0001)
[libretro DEBUG] GBA DMA: Starting DMA 3 0x0201BE4C -> 0x07000000 (8400:003A)
[libretro DEBUG] GBA DMA: Starting DMA 0 0x0200EDA8 -> 0x050001FA (A240:0001)
[libretro DEBUG] GBA DMA: Starting DMA 3 0x0201BE4C -> 0x07000000 (8400:003A)
[libretro DEBUG] GBA DMA: Starting DMA 1 0x03002170 -> 0x040000A0 (B600:0004)
[libretro DEBUG] GBA DMA: Starting DMA 2 0x030027A0 -> 0x040000A4 (B600:0004)
[libretro DEBUG] GBA DMA: Starting DMA 0 0x0200EDA8 -> 0x050001FA (A240:0001)
[libretro DEBUG] GBA DMA: Starting DMA 3 0x0201BE4C -> 0x07000000 (8400:003A)
[libretro DEBUG] GBA DMA: Starting DMA 0 0x0200EDA8 -> 0x050001FA (A240:0001)
[libretro DEBUG] GBA DMA: Starting DMA 3 0x0201BE4C -> 0x07000000 (8400:003A)
[libretro DEBUG] GBA DMA: Starting DMA 0 0x0200EDA8 -> 0x050001FA (A240:0001)
[libretro DEBUG] GBA DMA: Starting DMA 3 0x0201BE4C -> 0x07000000 (8400:003A)
[libretro DEBUG] GBA DMA: Starting DMA 0 0x0200EDA8 -> 0x050001FA (A240:0001)
[libretro DEBUG] GBA DMA: Starting DMA 3 0x0201BE4C -> 0x07000000 (8400:003A)
[libretro DEBUG] GBA DMA: Starting DMA 0 0x0200EDA8 -> 0x050001FA (A240:0001)
[libretro DEBUG] GBA DMA: Starting DMA 3 0x0201BE4C -> 0x07000000 (8400:003A)
[libretro DEBUG] GBA DMA: Starting DMA 1 0x03002170 -> 0x040000A0 (B600:0004)
[libretro DEBUG] GBA DMA: Starting DMA 2 0x030027A0 -> 0x040000A4 (B600:0004)
[libretro DEBUG] GBA DMA: Starting DMA 0 0x0200EDA8 -> 0x050001FA (A240:0001)
[libretro DEBUG] GBA DMA: Starting DMA 3 0x0201BE4C -> 0x07000000 (8400:003A)
[libretro DEBUG] GBA DMA: Starting DMA 0 0x0200EDA8 -> 0x050001FA (A240:0001)
[libretro DEBUG] GBA DMA: Starting DMA 3 0x0201BE4C -> 0x07000000 (8400:003A)
[libretro DEBUG] GBA DMA: Starting DMA 0 0x0200EDA8 -> 0x050001FA (A240:0001)
[libretro DEBUG] GBA DMA: Starting DMA 3 0x0201BE4C -> 0x07000000 (8400:003A)
[libretro DEBUG] GBA DMA: Starting DMA 0 0x0200EDA8 -> 0x050001FA (A240:0001)
[libretro DEBUG] GBA DMA: Starting DMA 3 0x0201BE4C -> 0x07000000 (8400:003A)
[libretro DEBUG] GBA DMA: Starting DMA 0 0x0200EDA8 -> 0x050001FA (A240:0001)
[libretro DEBUG] GBA DMA: Starting DMA 3 0x0201BE4C -> 0x07000000 (8400:003A)
[libretro DEBUG] GBA DMA: Starting DMA 1 0x03002170 -> 0x040000A0 (B600:0004)
[libretro DEBUG] GBA DMA: Starting DMA 2 0x030027A0 -> 0x040000A4 (B600:0004)
[libretro DEBUG] GBA DMA: Starting DMA 0 0x0200EDA8 -> 0x050001FA (A240:0001)
[libretro DEBUG] GBA DMA: Starting DMA 3 0x0201BE4C -> 0x07000000 (8400:003A)
[libretro DEBUG] GBA DMA: Starting DMA 0 0x0200EDA8 -> 0x050001FA (A240:0001)
[libretro DEBUG] GBA DMA: Starting DMA 3 0x0201BE4C -> 0x07000000 (8400:003A)
[libretro DEBUG] GBA DMA: Starting DMA 0 0x0200EDA8 -> 0x050001FA (A240:0001)
[libretro DEBUG] GBA DMA: Starting DMA 3 0x0201BE4C -> 0x07000000 (8400:003A)
[libretro DEBUG] GBA DMA: Starting DMA 0 0x0200EDA8 -> 0x050001FA (A240:0001)
[libretro DEBUG] GBA DMA: Starting DMA 3 0x0201BE4C -> 0x07000000 (8400:003A)
[libretro DEBUG] GBA DMA: Starting DMA 0 0x0200EDA8 -> 0x050001FA (A240:0001)
[libretro DEBUG] GBA DMA: Starting DMA 3 0x0201BE4C -> 0x07000000 (8400:003A)
[libretro DEBUG] GBA DMA: Starting DMA 1 0x03002170 -> 0x040000A0 (B600:0004)
[libretro DEBUG] GBA DMA: Starting DMA 2 0x030027A0 -> 0x040000A4 (B600:0004)
[libretro DEBUG] GBA DMA: Starting DMA 0 0x0200EDA8 -> 0x050001FA (A240:0001)
[libretro DEBUG] GBA DMA: Starting DMA 3 0x0201BE4C -> 0x07000000 (8400:003A)
[libretro DEBUG] GBA DMA: Starting DMA 0 0x0200EDA8 -> 0x050001FA (A240:0001)
[libretro DEBUG] GBA DMA: Starting DMA 3 0x0201BE4C -> 0x07000000 (8400:003A)
[libretro DEBUG] GBA DMA: Starting DMA 0 0x0200EDA8 -> 0x050001FA (A240:0001)
[libretro DEBUG] GBA DMA: Starting DMA 3 0x0201BE4C -> 0x07000000 (8400:003A)
[libretro DEBUG] GBA DMA: Starting DMA 0 0x0200EDA8 -> 0x050001FA (A240:0001)
[libretro DEBUG] GBA DMA: Starting DMA 3 0x0201BE4C -> 0x07000000 (8400:003A)
[libretro DEBUG] GBA DMA: Starting DMA 0 0x0200EDA8 -> 0x050001FA (A240:0001)
[libretro DEBUG] GBA DMA: Starting DMA 3 0x0201BE4C -> 0x07000000 (8400:003A)
[libretro DEBUG] GBA DMA: Starting DMA 1 0x03002170 -> 0x040000A0 (B600:0004)
[libretro DEBUG] GBA DMA: Starting DMA 2 0x030027A0 -> 0x040000A4 (B600:0004)
[libretro DEBUG] GBA DMA: Starting DMA 0 0x0200EDA8 -> 0x050001FA (A240:0001)
[libretro DEBUG] GBA DMA: Starting DMA 3 0x0201BE4C -> 0x07000000 (8400:003A)
[libretro DEBUG] GBA DMA: Starting DMA 0 0x0200EDA8 -> 0x050001FA (A240:0001)
[libretro DEBUG] GBA DMA: Starting DMA 3 0x0201BE4C -> 0x07000000 (8400:003A)
[libretro DEBUG] GBA DMA: Starting DMA 0 0x0200EDA8 -> 0x050001FA (A240:0001)
[libretro DEBUG] GBA DMA: Starting DMA 3 0x0201BE4C -> 0x07000000 (8400:003A)
[libretro DEBUG] GBA DMA: Starting DMA 0 0x0200EDA8 -> 0x050001FA (A240:0001)
[libretro DEBUG] GBA DMA: Starting DMA 3 0x0201BE4C -> 0x07000000 (8400:003A)
[libretro DEBUG] GBA DMA: Starting DMA 0 0x0200EDA8 -> 0x050001FA (A240:0001)
[libretro DEBUG] GBA DMA: Starting DMA 3 0x0201BE4C -> 0x07000000 (8400:003A)
[libretro DEBUG] GBA DMA: Starting DMA 1 0x03002170 -> 0x040000A0 (B600:0004)
[libretro DEBUG] GBA DMA: Starting DMA 2 0x030027A0 -> 0x040000A4 (B600:0004)
[libretro DEBUG] GBA DMA: Starting DMA 0 0x0200EDA8 -> 0x050001FA (A240:0001)
[libretro DEBUG] GBA DMA: Starting DMA 3 0x0201BE4C -> 0x07000000 (8400:003A)
[libretro DEBUG] GBA DMA: Starting DMA 0 0x0200EDA8 -> 0x050001FA (A240:0001)
[libretro DEBUG] GBA DMA: Starting DMA 3 0x0201BE4C -> 0x07000000 (8400:003A)
[libretro DEBUG] GBA DMA: Starting DMA 0 0x0200EDA8 -> 0x050001FA (A240:0001)
[libretro DEBUG] GBA DMA: Starting DMA 3 0x0201BE4C -> 0x07000000 (8400:003A)
[libretro DEBUG] GBA DMA: Starting DMA 0 0x0200EDA8 -> 0x050001FA (A240:0001)
[libretro DEBUG] GBA DMA: Starting DMA 3 0x0201BE4C -> 0x07000000 (8400:003A)
[libretro DEBUG] GBA DMA: Starting DMA 0 0x0200EDA8 -> 0x050001FA (A240:0001)
[libretro DEBUG] GBA DMA: Starting DMA 3 0x0201BE4C -> 0x07000000 (8400:003A)
[libretro DEBUG] GBA DMA: Starting DMA 1 0x03002170 -> 0x040000A0 (B600:0004)
[libretro DEBUG] GBA DMA: Starting DMA 2 0x030027A0 -> 0x040000A4 (B600:0004)
[libretro DEBUG] GBA DMA: Starting DMA 0 0x0200EDA8 -> 0x050001FA (A240:0001)
[libretro DEBUG] GBA DMA: Starting DMA 3 0x0201BE4C -> 0x07000000 (8400:003A)
[libretro DEBUG] GBA DMA: Starting DMA 0 0x0200EDA8 -> 0x050001FA (A240:0001)
[libretro DEBUG] GBA DMA: Starting DMA 3 0x0201BE4C -> 0x07000000 (8400:003A)
[libretro DEBUG] GBA DMA: Starting DMA 0 0x0200EDA8 -> 0x050001FA (A240:0001)
[libretro DEBUG] GBA DMA: Starting DMA 3 0x0201BE4C -> 0x07000000 (8400:003A)
[libretro DEBUG] GBA DMA: Starting DMA 0 0x0200EDA8 -> 0x050001FA (A240:0001)
[libretro DEBUG] GBA DMA: Starting DMA 3 0x0201BE4C -> 0x07000000 (8400:003A)
[libretro DEBUG] GBA DMA: Starting DMA 0 0x0200EDA8 -> 0x050001FA (A240:0001)
[libretro DEBUG] GBA DMA: Starting DMA 3 0x0201BE4C -> 0x07000000 (8400:003A)
[libretro DEBUG] GBA DMA: Starting DMA 1 0x03002170 -> 0x040000A0 (B600:0004)
[libretro DEBUG] GBA DMA: Starting DMA 2 0x030027A0 -> 0x040000A4 (B600:0004)
[libretro DEBUG] GBA DMA: Starting DMA 0 0x0200EDA8 -> 0x050001FA (A240:0001)
[libretro DEBUG] GBA DMA: Starting DMA 3 0x0201BE4C -> 0x07000000 (8400:003A)
[libretro DEBUG] GBA DMA: Starting DMA 0 0x0200EDA8 -> 0x050001FA (A240:0001)
[libretro DEBUG] GBA DMA: Starting DMA 3 0x0201BE4C -> 0x07000000 (8400:003A)
[libretro DEBUG] GBA DMA: Starting DMA 0 0x0200EDA8 -> 0x050001FA (A240:0001)
[libretro DEBUG] GBA DMA: Starting DMA 3 0x0201BE4C -> 0x07000000 (8400:003A)
[libretro DEBUG] GBA DMA: Starting DMA 0 0x0200EDA8 -> 0x050001FA (A240:0001)
[libretro DEBUG] GBA DMA: Starting DMA 3 0x0201BE4C -> 0x07000000 (8400:003A)
[libretro DEBUG] GBA DMA: Starting DMA 0 0x0200EDA8 -> 0x050001FA (A240:0001)
[libretro DEBUG] GBA DMA: Starting DMA 3 0x0201BE4C -> 0x07000000 (8400:003A)
[libretro DEBUG] GBA DMA: Starting DMA 1 0x03002170 -> 0x040000A0 (B600:0004)
[libretro DEBUG] GBA DMA: Starting DMA 2 0x030027A0 -> 0x040000A4 (B600:0004)
[libretro DEBUG] GBA DMA: Starting DMA 0 0x0200EDA8 -> 0x050001FA (A240:0001)
[libretro DEBUG] GBA DMA: Starting DMA 3 0x0201BE4C -> 0x07000000 (8400:003A)
[libretro DEBUG] GBA DMA: Starting DMA 0 0x0200EDA8 -> 0x050001FA (A240:0001)
[libretro DEBUG] GBA DMA: Starting DMA 3 0x0201BE4C -> 0x07000000 (8400:003A)
[libretro DEBUG] GBA DMA: Starting DMA 0 0x0200EDA8 -> 0x050001FA (A240:0001)
[libretro DEBUG] GBA DMA: Starting DMA 3 0x0201BE4C -> 0x07000000 (8400:003A)
[libretro DEBUG] GBA DMA: Starting DMA 0 0x0200EDA8 -> 0x050001FA (A240:0001)
[libretro DEBUG] GBA DMA: Starting DMA 3 0x0201BE4C -> 0x07000000 (8400:003A)
[ERROR] [Config]: Failed saving config to "/mnt/mmc/CFW/retroarch/.retroarch/retroarch.cfg".
[INFO] [State]: Saving state "/mnt/mmc/Saves/CurrentProfile/states/mGBA/Final Fantasy I & II - Dawn of Souls (USA).state.auto", 430168 bytes.
[INFO] Auto save state to "/mnt/mmc/Saves/CurrentProfile/states/mGBA/Final Fantasy I & II - Dawn of Souls (USA).state.auto" succeeded.
[INFO] [Config]: Loading config: "/mnt/mmc/CFW/retroarch/.retroarch/retroarch.cfg".
[INFO] [Overrides]: Configuration overrides unloaded, original configuration restored.
[INFO] [SRAM]: Saving RAM type #0 to "/mnt/mmc/Saves/CurrentProfile/saves/mGBA/Final Fantasy I & II - Dawn of Souls (USA).srm".
[INFO] [SRAM]: Saved successfully to "/mnt/mmc/Saves/CurrentProfile/saves/mGBA/Final Fantasy I & II - Dawn of Souls (USA).srm".
[INFO] [Core]: Content ran for a total of: 00 hours, 00 minutes, 01 seconds.
[INFO] [Runtime]: Saving runtime log file: "/mnt/mmc/CFW/retroarch/.retroarch/playlists/logs/mGBA/Final Fantasy I & II - Dawn of Souls (USA).lrtl".
[INFO] [Core]: Unloading game..
[INFO] [Core]: Unloading core..
[INFO] [Core]: Unloading core symbols..
[INFO] [Core]: Saved core options file to "/mnt/mmc/CFW/retroarch/.retroarch/config/mGBA/mGBA.opt".
[INFO] [Video]: Does not have enough samples for monitor refresh rate estimation. Requires to run for at least 4096 frames.
